<?xml version="1.0" encoding="UTF-8"?>
<!-- Generated by org.testng.reporters.JUnitXMLReporter -->
<testsuite ignored="2" hostname="PuvithaParani" failures="0" tests="7" name="test" time="13.88" errors="0" timestamp="2023-10-02T22:15:08 IST">
  <testcase classname="flightTicketbooking" name="closeLoginPopup" time="2.974"/>
  <testcase classname="flightTicketbooking" name="tripType" time="0.144"/>
  <testcase classname="flightTicketbooking" name="selectingFromCity" time="1.727"/>
  <testcase classname="flightTicketbooking" name="selectingToCity" time="1.683"/>
  <testcase classname="flightTicketbooking" name="departureDate" time="0.129"/>
  <testcase classname="flightTicketbooking" name="travellerDetails" time="0.821"/>
  <testcase classname="flightTicketbooking" name="homePageSearchButton" time="0.676"/>
  <testcase classname="flightTicketbooking" name="loggingIn" time="0.0">
    <ignored/>
  </testcase> <!-- loggingIn -->
  <testcase classname="flightTicketbooking" name="hyperlinkCheck" time="0.0">
    <ignored/>
  </testcase> <!-- hyperlinkCheck -->
</testsuite> <!-- test -->
