<?xml version="1.0" encoding="UTF-8"?>
<testng-results ignored="0" total="7" passed="7" failed="0" skipped="0">
  <reporter-output>
  </reporter-output>
  <suite started-at="2023-10-02T22:14:55 IST" name="suite" finished-at="2023-10-02T22:15:08 IST" duration-ms="13880">
    <groups>
    </groups>
    <test started-at="2023-10-02T22:14:55 IST" name="test" finished-at="2023-10-02T22:15:08 IST" duration-ms="13880">
      <class name="flightTicketbooking">
        <test-method is-config="true" signature="driverSetup()[pri:0, instance:flightTicketbooking@53fb3dab]" started-at="2023-10-02T22:14:55 IST" name="driverSetup" finished-at="2023-10-02T22:15:00 IST" duration-ms="5639" status="PASS">
          <reporter-output>
          </reporter-output>
        </test-method> <!-- driverSetup -->
        <test-method is-config="true" signature="setDriver(org.testng.ITestContext)[pri:0, instance:flightTicketbooking@53fb3dab]" started-at="2023-10-02T22:15:00 IST" name="setDriver" finished-at="2023-10-02T22:15:00 IST" depends-on-methods="flightTicketbooking.driverSetup" duration-ms="17" status="PASS">
          <params>
            <param index="0">
              <value>
                <![CDATA[org.testng.TestRunner@4ace284d]]>
              </value>
            </param>
          </params>
          <reporter-output>
          </reporter-output>
        </test-method> <!-- setDriver -->
        <test-method signature="closeLoginPopup()[pri:0, instance:flightTicketbooking@53fb3dab]" started-at="2023-10-02T22:15:00 IST" name="closeLoginPopup" finished-at="2023-10-02T22:15:03 IST" duration-ms="2974" status="PASS">
          <reporter-output>
          </reporter-output>
        </test-method> <!-- closeLoginPopup -->
        <test-method signature="tripType()[pri:0, instance:flightTicketbooking@53fb3dab]" started-at="2023-10-02T22:15:03 IST" name="tripType" finished-at="2023-10-02T22:15:03 IST" depends-on-methods="flightTicketbooking.closeLoginPopup" duration-ms="144" status="PASS">
          <reporter-output>
          </reporter-output>
        </test-method> <!-- tripType -->
        <test-method signature="selectingFromCity()[pri:0, instance:flightTicketbooking@53fb3dab]" started-at="2023-10-02T22:15:03 IST" name="selectingFromCity" finished-at="2023-10-02T22:15:05 IST" depends-on-methods="flightTicketbooking.tripType" duration-ms="1727" status="PASS">
          <reporter-output>
          </reporter-output>
        </test-method> <!-- selectingFromCity -->
        <test-method signature="selectingToCity()[pri:0, instance:flightTicketbooking@53fb3dab]" started-at="2023-10-02T22:15:05 IST" name="selectingToCity" finished-at="2023-10-02T22:15:07 IST" depends-on-methods="flightTicketbooking.selectingFromCity" duration-ms="1683" status="PASS">
          <reporter-output>
          </reporter-output>
        </test-method> <!-- selectingToCity -->
        <test-method signature="departureDate()[pri:0, instance:flightTicketbooking@53fb3dab]" started-at="2023-10-02T22:15:07 IST" name="departureDate" finished-at="2023-10-02T22:15:07 IST" depends-on-methods="flightTicketbooking.selectingToCity" duration-ms="129" status="PASS">
          <reporter-output>
          </reporter-output>
        </test-method> <!-- departureDate -->
        <test-method signature="travellerDetails()[pri:0, instance:flightTicketbooking@53fb3dab]" started-at="2023-10-02T22:15:07 IST" name="travellerDetails" finished-at="2023-10-02T22:15:08 IST" depends-on-methods="flightTicketbooking.departureDate" duration-ms="821" status="PASS">
          <reporter-output>
          </reporter-output>
        </test-method> <!-- travellerDetails -->
        <test-method signature="homePageSearchButton()[pri:0, instance:flightTicketbooking@53fb3dab]" started-at="2023-10-02T22:15:08 IST" name="homePageSearchButton" finished-at="2023-10-02T22:15:08 IST" depends-on-methods="flightTicketbooking.travellerDetails" duration-ms="676" status="PASS">
          <reporter-output>
          </reporter-output>
        </test-method> <!-- homePageSearchButton -->
      </class> <!-- flightTicketbooking -->
    </test> <!-- test -->
  </suite> <!-- suite -->
</testng-results>
